<?xml version="1.0" encoding="UTF-8"?>
<!-- Generated by org.testng.reporters.JUnitXMLReporter -->
<testsuite ignored="2" hostname="LAIMUMLT9002" failures="0" tests="1" name="Default test" time="21.409" errors="0" timestamp="2024-05-08T15:46:24 IST">
  <testcase classname="com.qa.tests.TesLoginPage" name="inValidLogin" time="9.465"/>
  <testcase classname="com.qa.tests.TesLoginPage" name="verifyLoginPageTitle" time="0.0">
    <ignored/>
  </testcase> <!-- verifyLoginPageTitle -->
  <testcase classname="com.qa.tests.TesLoginPage" name="validLogin" time="0.0">
    <ignored/>
  </testcase> <!-- validLogin -->
</testsuite> <!-- Default test -->
